<?xml version="1.0" encoding="UTF-8"?>
<!-- Generated by org.testng.reporters.JUnitXMLReporter -->
<testsuite ignored="0" hostname="Arun" failures="0" tests="6" name="Default test" time="0.077" errors="0" timestamp="2025-08-10T22:58:41 IST">
  <testcase classname="greenCart.BaseClass" name="@BeforeTest url" time="-1.754846921002E9">
    <failure type="org.testng.TestNGException" message="
Parameter &amp;apos;siteURL&amp;apos; is required by BeforeTest on method url but has not been marked @Optional or defined
in C:\Users\iamar\AppData\Local\Temp\testng-eclipse--1668605075\testng-customsuite.xml">
      <![CDATA[org.testng.TestNGException: 
Parameter 'siteURL' is required by BeforeTest on method url but has not been marked @Optional or defined
in C:\Users\iamar\AppData\Local\Temp\testng-eclipse--1668605075\testng-customsuite.xml
at org.testng.internal.Parameters.createParams(Parameters.java:264)
at org.testng.internal.Parameters.createParametersForMethod(Parameters.java:352)
at org.testng.internal.Parameters.createParameters(Parameters.java:690)
at org.testng.internal.Parameters.createConfigurationParameters(Parameters.java:163)
at org.testng.internal.invokers.ConfigInvoker.invokeConfigurations(ConfigInvoker.java:313)
at org.testng.TestRunner.invokeTestConfigurations(TestRunner.java:657)
at org.testng.TestRunner.beforeRun(TestRunner.java:646)
at org.testng.TestRunner.run(TestRunner.java:612)
at org.testng.SuiteRunner.runTest(SuiteRunner.java:421)
at org.testng.SuiteRunner.runSequentially(SuiteRunner.java:413)
at org.testng.SuiteRunner.privateRun(SuiteRunner.java:373)
at org.testng.SuiteRunner.run(SuiteRunner.java:312)
at org.testng.SuiteRunnerWorker.runSuite(SuiteRunnerWorker.java:52)
at org.testng.SuiteRunnerWorker.run(SuiteRunnerWorker.java:95)
at org.testng.TestNG.runSuitesSequentially(TestNG.java:1274)
at org.testng.TestNG.runSuitesLocally(TestNG.java:1208)
at org.testng.TestNG.runSuites(TestNG.java:1112)
at org.testng.TestNG.run(TestNG.java:1079)
at org.testng.remote.AbstractRemoteTestNG.run(AbstractRemoteTestNG.java:115)
at org.testng.remote.RemoteTestNG.initAndRun(RemoteTestNG.java:293)
at org.testng.remote.RemoteTestNG.main(RemoteTestNG.java:91)
]]>
    </failure>
  </testcase> <!-- @BeforeTest url -->
  <testcase classname="greenCart.GreenCart_Header" name="cart" time="0.0">
    <skipped/>
  </testcase> <!-- cart -->
  <testcase classname="greenCart.GreenCart_Header" name="logo" time="0.0">
    <skipped/>
  </testcase> <!-- logo -->
  <testcase classname="greenCart.GreenCart_Header" name="search" time="0.0">
    <skipped/>
  </testcase> <!-- search -->
  <testcase classname="greenCart.GreenCart_Header" name="headerLink_Flashlink" time="0.0">
    <skipped/>
  </testcase> <!-- headerLink_Flashlink -->
  <testcase classname="greenCart.GreenCart_Header" name="headerLink_FlightBooking" time="0.0">
    <skipped/>
  </testcase> <!-- headerLink_FlightBooking -->
  <testcase classname="greenCart.GreenCart_Header" name="headerLink_TopDeals" time="0.0">
    <skipped/>
  </testcase> <!-- headerLink_TopDeals -->
</testsuite> <!-- Default test -->
